Mon, Feb 23, 2026 11:50:50 AM crm/ archived as crm/_20260223115043.crm/
Mon, Feb 23, 2026 11:50:59 AM crm/interactions/ archived as crm/interactions/_20260223115043.crm/interactions/
Mon, Feb 23, 2026 11:51:06 AM crm/interactions/interactions_2026.json archived as crm/interactions/interactions_2026_20260223115043.json
Mon, Feb 23, 2026 11:51:14 AM erp/ archived as erp/_20260223115043.erp/
Mon, Feb 23, 2026 11:51:22 AM erp/customers/ archived as erp/customers/_20260223115043.erp/customers/
Mon, Feb 23, 2026 11:51:30 AM erp/customers/customers_2026.xlsx archived as erp/customers/customers_2026_20260223115043.xlsx
Mon, Feb 23, 2026 11:51:37 AM erp/dealers/ archived as erp/dealers/_20260223115043.erp/dealers/
Mon, Feb 23, 2026 11:51:45 AM erp/dealers/dealers_2026.xlsx archived as erp/dealers/dealers_2026_20260223115043.xlsx
Mon, Feb 23, 2026 11:51:52 AM erp/sales/ archived as erp/sales/_20260223115043.erp/sales/
Mon, Feb 23, 2026 11:52:00 AM erp/sales/sales_2026.csv archived as erp/sales/sales_2026_20260223115043.csv
Mon, Feb 23, 2026 11:52:07 AM erp/vehicles/ archived as erp/vehicles/_20260223115043.erp/vehicles/
Mon, Feb 23, 2026 11:52:15 AM erp/vehicles/vehicles_2026.csv archived as erp/vehicles/vehicles_2026_20260223115043.csv
Mon, Feb 23, 2026 11:52:22 AM finance/ archived as finance/_20260223115043.finance/
Mon, Feb 23, 2026 11:52:30 AM finance/payments/ archived as finance/payments/_20260223115043.finance/payments/
Mon, Feb 23, 2026 11:52:37 AM finance/payments/payments_2026.csv archived as finance/payments/payments_2026_20260223115043.csv
Mon, Feb 23, 2026 11:52:44 AM inventory/ archived as inventory/_20260223115043.inventory/
Mon, Feb 23, 2026 11:52:52 AM inventory/vehicle_inventory/ archived as inventory/vehicle_inventory/_20260223115043.inventory/vehicle_inventory/
Mon, Feb 23, 2026 11:52:59 AM inventory/vehicle_inventory/inventory_2026.csv archived as inventory/vehicle_inventory/inventory_2026_20260223115043.csv
Mon, Feb 23, 2026 11:53:07 AM iot/ archived as iot/_20260223115043.iot/
Mon, Feb 23, 2026 11:53:14 AM iot/telemetry/ archived as iot/telemetry/_20260223115043.iot/telemetry/
Mon, Feb 23, 2026 11:53:22 AM iot/telemetry/telemetry_2026.json archived as iot/telemetry/telemetry_2026_20260223115043.json
Mon, Feb 23, 2026 11:53:29 AM suppliers_chain/ archived as suppliers_chain/_20260223115043.suppliers_chain/
Mon, Feb 23, 2026 11:53:37 AM suppliers_chain/procurement/ archived as suppliers_chain/procurement/_20260223115043.suppliers_chain/procurement/
Mon, Feb 23, 2026 11:53:45 AM suppliers_chain/procurement/procurement_2026.csv archived as suppliers_chain/procurement/procurement_2026_20260223115043.csv
Mon, Feb 23, 2026 11:53:52 AM suppliers_chain/suppliers/ archived as suppliers_chain/suppliers/_20260223115043.suppliers_chain/suppliers/
Mon, Feb 23, 2026 11:54:00 AM suppliers_chain/suppliers/suppliers_2026.csv archived as suppliers_chain/suppliers/suppliers_2026_20260223115043.csv
2026-02-23 15:15:45 customers.csv archived as customers_20260223151541.csv
2026-02-23 15:15:52 sales.csv archived as sales_20260223151541.csv
