Mon, Feb 23, 2026 11:45:24 AM crm/ already archived, skipping.
Mon, Feb 23, 2026 11:45:27 AM crm/interactions/ already archived, skipping.
Mon, Feb 23, 2026 11:45:30 AM crm/interactions/interactions_2026.json not archived, ready for processing.
Mon, Feb 23, 2026 11:45:33 AM erp/ already archived, skipping.
Mon, Feb 23, 2026 11:45:36 AM erp/customers/ already archived, skipping.
Mon, Feb 23, 2026 11:45:40 AM erp/customers/customers_2026.xlsx not archived, ready for processing.
Mon, Feb 23, 2026 11:45:43 AM erp/dealers/ already archived, skipping.
Mon, Feb 23, 2026 11:45:46 AM erp/dealers/dealers_2026.xlsx not archived, ready for processing.
Mon, Feb 23, 2026 11:45:49 AM erp/sales/sales_2026.csv not archived, ready for processing.
Mon, Feb 23, 2026 11:45:52 AM erp/vehicles/ already archived, skipping.
Mon, Feb 23, 2026 11:45:55 AM erp/vehicles/vehicles_2026.csv not archived, ready for processing.
Mon, Feb 23, 2026 11:45:58 AM finance/ already archived, skipping.
Mon, Feb 23, 2026 11:46:01 AM finance/payments/ already archived, skipping.
Mon, Feb 23, 2026 11:46:04 AM finance/payments/payments_2026.csv not archived, ready for processing.
Mon, Feb 23, 2026 11:46:07 AM inventory/ already archived, skipping.
Mon, Feb 23, 2026 11:46:10 AM inventory/vehicle_inventory/inventory_2026.csv not archived, ready for processing.
Mon, Feb 23, 2026 11:46:14 AM iot/ already archived, skipping.
Mon, Feb 23, 2026 11:46:17 AM iot/telemetry/telemetry_2026.json not archived, ready for processing.
Mon, Feb 23, 2026 11:46:20 AM suppliers_chain/procurement/procurement_2026.csv not archived, ready for processing.
Mon, Feb 23, 2026 11:46:23 AM suppliers_chain/suppliers/suppliers_2026.csv not archived, ready for processing.
