Mon, Feb 23, 2026 11:46:27 AM 2026-02-15 17:20:55          0 crm/
Mon, Feb 23, 2026 11:46:27 AM 2026-02-19 10:15:47          0 crm/interactions/
Mon, Feb 23, 2026 11:46:27 AM 2026-02-23 01:31:47     111551 crm/interactions/interactions_2026.json
Mon, Feb 23, 2026 11:46:27 AM 2026-02-15 17:20:43          0 erp/
Mon, Feb 23, 2026 11:46:27 AM 2026-02-19 10:16:15          0 erp/customers/
Mon, Feb 23, 2026 11:46:27 AM 2026-02-23 00:46:49      17850 erp/customers/customers_2026.xlsx
Mon, Feb 23, 2026 11:46:27 AM 2026-02-20 13:42:34          0 erp/dealers/
Mon, Feb 23, 2026 11:46:27 AM 2026-02-23 00:46:50       7133 erp/dealers/dealers_2026.xlsx
Mon, Feb 23, 2026 11:46:27 AM 2026-02-23 00:46:51      45245 erp/sales/sales_2026.csv
Mon, Feb 23, 2026 11:46:27 AM 2026-02-20 13:42:54          0 erp/vehicles/
Mon, Feb 23, 2026 11:46:27 AM 2026-02-23 00:46:50       2623 erp/vehicles/vehicles_2026.csv
Mon, Feb 23, 2026 11:46:27 AM 2026-02-19 10:14:02          0 finance/
Mon, Feb 23, 2026 11:46:27 AM 2026-02-19 10:25:00          0 finance/payments/
Mon, Feb 23, 2026 11:46:27 AM 2026-02-23 01:31:55      42637 finance/payments/payments_2026.csv
Mon, Feb 23, 2026 11:46:27 AM 2026-02-20 13:43:33          0 inventory/
Mon, Feb 23, 2026 11:46:27 AM 2026-02-23 01:31:31       9425 inventory/vehicle_inventory/inventory_2026.csv
Mon, Feb 23, 2026 11:46:27 AM 2026-02-15 17:21:05          0 iot/
Mon, Feb 23, 2026 11:46:27 AM 2026-02-23 01:26:56     203511 iot/telemetry/telemetry_2026.json
Mon, Feb 23, 2026 11:46:27 AM 2026-02-23 01:31:41       6058 suppliers_chain/procurement/procurement_2026.csv
Mon, Feb 23, 2026 11:46:27 AM 2026-02-23 01:31:40       1565 suppliers_chain/suppliers/suppliers_2026.csv
Mon, Feb 23, 2026 11:46:31 AM 2026-02-15 17:20:55          0 crm/
Mon, Feb 23, 2026 11:46:31 AM 2026-02-19 10:15:47          0 crm/interactions/
Mon, Feb 23, 2026 11:46:31 AM 2026-02-23 01:31:47     111551 crm/interactions/interactions_2026.json
Mon, Feb 23, 2026 11:46:31 AM 2026-02-15 17:20:43          0 erp/
Mon, Feb 23, 2026 11:46:31 AM 2026-02-19 10:16:15          0 erp/customers/
Mon, Feb 23, 2026 11:46:31 AM 2026-02-23 00:46:49      17850 erp/customers/customers_2026.xlsx
Mon, Feb 23, 2026 11:46:31 AM 2026-02-20 13:42:34          0 erp/dealers/
Mon, Feb 23, 2026 11:46:31 AM 2026-02-23 00:46:50       7133 erp/dealers/dealers_2026.xlsx
Mon, Feb 23, 2026 11:46:31 AM 2026-02-23 00:46:51      45245 erp/sales/sales_2026.csv
Mon, Feb 23, 2026 11:46:31 AM 2026-02-20 13:42:54          0 erp/vehicles/
Mon, Feb 23, 2026 11:46:31 AM 2026-02-23 00:46:50       2623 erp/vehicles/vehicles_2026.csv
Mon, Feb 23, 2026 11:46:32 AM 2026-02-19 10:14:02          0 finance/
Mon, Feb 23, 2026 11:46:32 AM 2026-02-19 10:25:00          0 finance/payments/
Mon, Feb 23, 2026 11:46:32 AM 2026-02-23 01:31:55      42637 finance/payments/payments_2026.csv
Mon, Feb 23, 2026 11:46:32 AM 2026-02-20 13:43:33          0 inventory/
Mon, Feb 23, 2026 11:46:32 AM 2026-02-23 01:31:31       9425 inventory/vehicle_inventory/inventory_2026.csv
Mon, Feb 23, 2026 11:46:32 AM 2026-02-15 17:21:05          0 iot/
Mon, Feb 23, 2026 11:46:32 AM 2026-02-23 01:26:56     203511 iot/telemetry/telemetry_2026.json
Mon, Feb 23, 2026 11:46:32 AM 2026-02-23 01:31:41       6058 suppliers_chain/procurement/procurement_2026.csv
Mon, Feb 23, 2026 11:46:32 AM 2026-02-23 01:31:40       1565 suppliers_chain/suppliers/suppliers_2026.csv
2026-02-23 15:14:54 2026-02-23 15:14:38        116 customers.csv
2026-02-23 15:14:54 2026-02-23 15:14:42         94 sales.csv
