2026-02-23 19:38:02 2026-02-23 19:37:39        116 customers.csv
2026-02-23 19:38:02 2026-02-23 19:37:42         94 sales.csv
2026-02-23 19:49:12 2026-02-23 19:48:50        116 customers.csv
2026-02-23 19:49:12 2026-02-23 19:48:54         94 sales.csv
2026-02-24 13:13:00 2026-02-24 10:45:02          0 crm/interactions/.keep
2026-02-24 13:13:00 2026-02-24 11:36:10     254664 crm/interactions/interactions_2026.json
2026-02-24 13:13:00 2026-02-24 10:44:45          0 erp/customers/.keep
2026-02-24 13:13:00 2026-02-24 11:35:44      14062 erp/customers/customers_2026.csv
2026-02-24 13:13:00 2026-02-24 11:35:52      17779 erp/customers/customers_2026.xlsx
2026-02-24 13:13:00 2026-02-24 10:44:55          0 erp/dealers/.keep
2026-02-24 13:13:00 2026-02-24 11:35:45       5221 erp/dealers/dealers_2026.csv
2026-02-24 13:13:00 2026-02-24 11:35:53       8687 erp/dealers/dealers_2026.xlsx
2026-02-24 13:13:00 2026-02-24 10:44:59          0 erp/inventory/.keep
2026-02-24 13:13:00 2026-02-24 10:44:48          0 erp/sales/.keep
2026-02-24 13:13:00 2026-02-24 11:35:54      45103 erp/sales/sales_2026.csv
2026-02-24 13:13:00 2026-02-24 10:44:52          0 erp/vehicles/.keep
2026-02-24 13:13:00 2026-02-24 11:35:53       2666 erp/vehicles/vehicles_2026.csv
2026-02-24 13:13:00 2026-02-24 10:45:06          0 finance/payments/.keep
2026-02-24 13:13:00 2026-02-24 11:36:26     127181 finance/payments/payments_2026.csv
2026-02-24 13:13:00 2026-02-24 11:36:35      23804 inventory/vehicle_inventory/inventory_2026.csv
2026-02-24 13:13:00 2026-02-24 10:45:16          0 iot/telemetry/.keep
2026-02-24 13:13:00 2026-02-24 11:36:40     205453 iot/telemetry/telemetry_2026.json
2026-02-24 13:13:00 2026-02-24 10:45:12          0 suppliers_chain/procurement/.keep
2026-02-24 13:13:00 2026-02-24 11:36:49      12064 suppliers_chain/procurement/procurement_2026.csv
2026-02-24 13:13:00 2026-02-24 10:45:09          0 suppliers_chain/suppliers/.keep
2026-02-24 13:13:00 2026-02-24 11:36:48       2431 suppliers_chain/suppliers/suppliers_2026.csv
